# JRE version: Java(TM) SE Runtime Environment (17.0.10+11) (build 17.0.10+11-LTS-240)
# Java VM: Java HotSpot(TM) 64-Bit Server VM (17.0.10+11-LTS-240, mixed mode, sharing, tiered, compressed oops, compressed class ptrs, g1 gc, windows-amd64)
GC Precious Log:
 CPUs: 8 total, 8 available
 Memory: 16064M
 Large Page Support: Disabled
 NUMA Support: Disabled
 Compressed Oops: Enabled (Zero based)
 Heap Region Size: 2M
 Heap Min Capacity: 8M
 Heap Initial Capacity: 252M
 Heap Max Capacity: 4018M
 Pre-touch: Disabled
 Parallel Workers: 8
 Concurrent Workers: 2
 Concurrent Refinement Workers: 8
 Periodic GC: Disabled
Heap:
 garbage-first heap   total 61440K, used 37242K [0x0000000704e00000, 0x0000000800000000)
  region size 2048K, 8 young (16384K), 2 survivors (4096K)
 Metaspace       used 60497K, committed 61056K, reserved 1114112K
  class space    used 8402K, committed 8704K, reserved 1048576K
GC Heap History (20 events):
Event: 3.818 GC heap before
{Heap before GC invocations=2 (full 0):
 garbage-first heap   total 258048K, used 68829K [0x0000000704e00000, 0x0000000800000000)
  region size 2048K, 31 young (63488K), 1 survivors (2048K)
 Metaspace       used 21299K, committed 21504K, reserved 1114112K
  class space    used 2713K, committed 2816K, reserved 1048576K
}
Event: 3.830 GC heap after
{Heap after GC invocations=3 (full 0):
 garbage-first heap   total 258048K, used 14027K [0x0000000704e00000, 0x0000000800000000)
  region size 2048K, 4 young (8192K), 4 survivors (8192K)
 Metaspace       used 21299K, committed 21504K, reserved 1114112K
  class space    used 2713K, committed 2816K, reserved 1048576K
}
Event: 5.108 GC heap before
{Heap before GC invocations=4 (full 0):
 garbage-first heap   total 61440K, used 42699K [0x0000000704e00000, 0x0000000800000000)
  region size 2048K, 18 young (36864K), 4 survivors (8192K)
 Metaspace       used 25588K, committed 25984K, reserved 1114112K
  class space    used 3314K, committed 3520K, reserved 1048576K
}
Event: 5.121 GC heap after
{Heap after GC invocations=5 (full 0):
 garbage-first heap   total 61440K, used 15964K [0x0000000704e00000, 0x0000000800000000)
  region size 2048K, 2 young (4096K), 2 survivors (4096K)
 Metaspace       used 25588K, committed 25984K, reserved 1114112K
  class space    used 3314K, committed 3520K, reserved 1048576K
}
Event: 6.741 GC heap before
{Heap before GC invocations=5 (full 0):
 garbage-first heap   total 61440K, used 38492K [0x0000000704e00000, 0x0000000800000000)
  region size 2048K, 13 young (26624K), 2 survivors (4096K)
 Metaspace       used 29833K, committed 30208K, reserved 1114112K
  class space    used 3901K, committed 4096K, reserved 1048576K
}
Event: 6.750 GC heap after
{Heap after GC invocations=6 (full 0):
 garbage-first heap   total 61440K, used 18416K [0x0000000704e00000, 0x0000000800000000)
  region size 2048K, 2 young (4096K), 2 survivors (4096K)
 Metaspace       used 29833K, committed 30208K, reserved 1114112K
  class space    used 3901K, committed 4096K, reserved 1048576K
}
Event: 8.380 GC heap before
{Heap before GC invocations=6 (full 0):
 garbage-first heap   total 61440K, used 38896K [0x0000000704e00000, 0x0000000800000000)
  region size 2048K, 13 young (26624K), 2 survivors (4096K)
 Metaspace       used 33521K, committed 33920K, reserved 1114112K
  class space    used 4386K, committed 4544K, reserved 1048576K
}
Event: 8.393 GC heap after
{Heap after GC invocations=7 (full 0):
 garbage-first heap   total 61440K, used 20278K [0x0000000704e00000, 0x0000000800000000)
  region size 2048K, 1 young (2048K), 1 survivors (2048K)
 Metaspace       used 33521K, committed 33920K, reserved 1114112K
  class space    used 4386K, committed 4544K, reserved 1048576K
}
Event: 9.146 GC heap before
{Heap before GC invocations=7 (full 0):
 garbage-first heap   total 61440K, used 24374K [0x0000000704e00000, 0x0000000800000000)
  region size 2048K, 5 young (10240K), 1 survivors (2048K)
 Metaspace       used 35542K, committed 35968K, reserved 1114112K
  class space    used 4704K, committed 4864K, reserved 1048576K
}
Event: 9.151 GC heap after
{Heap after GC invocations=8 (full 0):
 garbage-first heap   total 61440K, used 20074K [0x0000000704e00000, 0x0000000800000000)
  region size 2048K, 1 young (2048K), 1 survivors (2048K)
 Metaspace       used 35542K, committed 35968K, reserved 1114112K
  class space    used 4704K, committed 4864K, reserved 1048576K
}
Event: 11.126 GC heap before
{Heap before GC invocations=9 (full 0):
 garbage-first heap   total 61440K, used 42602K [0x0000000704e00000, 0x0000000800000000)
  region size 2048K, 13 young (26624K), 1 survivors (2048K)
 Metaspace       used 42115K, committed 42560K, reserved 1114112K
  class space    used 5637K, committed 5824K, reserved 1048576K
}
Event: 11.133 GC heap after
{Heap after GC invocations=10 (full 0):
 garbage-first heap   total 61440K, used 21774K [0x0000000704e00000, 0x0000000800000000)
  region size 2048K, 2 young (4096K), 2 survivors (4096K)
 Metaspace       used 42115K, committed 42560K, reserved 1114112K
  class space    used 5637K, committed 5824K, reserved 1048576K
}
Event: 12.688 GC heap before
{Heap before GC invocations=10 (full 0):
 garbage-first heap   total 61440K, used 44302K [0x0000000704e00000, 0x0000000800000000)
  region size 2048K, 13 young (26624K), 2 survivors (4096K)
 Metaspace       used 47158K, committed 47616K, reserved 1114112K
  class space    used 6252K, committed 6464K, reserved 1048576K
}
Event: 12.697 GC heap after
{Heap after GC invocations=11 (full 0):
 garbage-first heap   total 61440K, used 23053K [0x0000000704e00000, 0x0000000800000000)
  region size 2048K, 2 young (4096K), 2 survivors (4096K)
 Metaspace       used 47158K, committed 47616K, reserved 1114112K
  class space    used 6252K, committed 6464K, reserved 1048576K
}
Event: 14.231 GC heap before
{Heap before GC invocations=11 (full 0):
 garbage-first heap   total 61440K, used 45581K [0x0000000704e00000, 0x0000000800000000)
  region size 2048K, 13 young (26624K), 2 survivors (4096K)
 Metaspace       used 53122K, committed 53632K, reserved 1114112K
  class space    used 7318K, committed 7552K, reserved 1048576K
}
Event: 14.238 GC heap after
{Heap after GC invocations=12 (full 0):
 garbage-first heap   total 61440K, used 24156K [0x0000000704e00000, 0x0000000800000000)
  region size 2048K, 2 young (4096K), 2 survivors (4096K)
 Metaspace       used 53122K, committed 53632K, reserved 1114112K
  class space    used 7318K, committed 7552K, reserved 1048576K
}
Event: 15.920 GC heap before
{Heap before GC invocations=12 (full 0):
 garbage-first heap   total 61440K, used 46684K [0x0000000704e00000, 0x0000000800000000)
  region size 2048K, 13 young (26624K), 2 survivors (4096K)
 Metaspace       used 57886K, committed 58368K, reserved 1114112K
  class space    used 7962K, committed 8192K, reserved 1048576K
}
Event: 15.933 GC heap after
{Heap after GC invocations=13 (full 0):
 garbage-first heap   total 61440K, used 26131K [0x0000000704e00000, 0x0000000800000000)
  region size 2048K, 2 young (4096K), 2 survivors (4096K)
 Metaspace       used 57886K, committed 58368K, reserved 1114112K
  class space    used 7962K, committed 8192K, reserved 1048576K
}
Event: 16.527 GC heap before
{Heap before GC invocations=13 (full 0):
 garbage-first heap   total 61440K, used 34323K [0x0000000704e00000, 0x0000000800000000)
  region size 2048K, 7 young (14336K), 2 survivors (4096K)
 Metaspace       used 59588K, committed 60096K, reserved 1114112K
  class space    used 8210K, committed 8448K, reserved 1048576K
}
Event: 16.535 GC heap after
{Heap after GC invocations=14 (full 0):
 garbage-first heap   total 61440K, used 27002K [0x0000000704e00000, 0x0000000800000000)
  region size 2048K, 2 young (4096K), 2 survivors (4096K)
 Metaspace       used 59588K, committed 60096K, reserved 1114112K
  class space    used 8210K, committed 8448K, reserved 1048576K
}

