# JRE version: Java(TM) SE Runtime Environment (17.0.10+11) (build 17.0.10+11-LTS-240)
# Java VM: Java HotSpot(TM) 64-Bit Server VM (17.0.10+11-LTS-240, mixed mode, sharing, tiered, compressed oops, compressed class ptrs, g1 gc, windows-amd64)
GC Precious Log:
 CPUs: 8 total, 8 available
 Memory: 16064M
 Large Page Support: Disabled
 NUMA Support: Disabled
 Compressed Oops: Enabled (Zero based)
 Heap Region Size: 2M
 Heap Min Capacity: 8M
 Heap Initial Capacity: 252M
 Heap Max Capacity: 4018M
 Pre-touch: Disabled
 Parallel Workers: 8
 Concurrent Workers: 2
 Concurrent Refinement Workers: 8
 Periodic GC: Disabled
Heap:
 garbage-first heap   total 61440K, used 29156K [0x0000000704e00000, 0x0000000800000000)
  region size 2048K, 3 young (6144K), 2 survivors (4096K)
 Metaspace       used 61927K, committed 62528K, reserved 1114112K
  class space    used 8594K, committed 8896K, reserved 1048576K
GC Heap History (20 events):
Event: 5.992 GC heap before
{Heap before GC invocations=4 (full 0):
 garbage-first heap   total 61440K, used 42346K [0x0000000704e00000, 0x0000000800000000)
  region size 2048K, 18 young (36864K), 4 survivors (8192K)
 Metaspace       used 25590K, committed 25984K, reserved 1114112K
  class space    used 3313K, committed 3520K, reserved 1048576K
}
Event: 6.016 GC heap after
{Heap after GC invocations=5 (full 0):
 garbage-first heap   total 61440K, used 15728K [0x0000000704e00000, 0x0000000800000000)
  region size 2048K, 2 young (4096K), 2 survivors (4096K)
 Metaspace       used 25590K, committed 25984K, reserved 1114112K
  class space    used 3313K, committed 3520K, reserved 1048576K
}
Event: 6.145 GC heap before
{Heap before GC invocations=5 (full 0):
 garbage-first heap   total 61440K, used 17776K [0x0000000704e00000, 0x0000000800000000)
  region size 2048K, 3 young (6144K), 2 survivors (4096K)
 Metaspace       used 25858K, committed 26240K, reserved 1114112K
  class space    used 3346K, committed 3520K, reserved 1048576K
}
Event: 6.154 GC heap after
{Heap after GC invocations=6 (full 0):
 garbage-first heap   total 61440K, used 16657K [0x0000000704e00000, 0x0000000800000000)
  region size 2048K, 1 young (2048K), 1 survivors (2048K)
 Metaspace       used 25858K, committed 26240K, reserved 1114112K
  class space    used 3346K, committed 3520K, reserved 1048576K
}
Event: 7.334 GC heap before
{Heap before GC invocations=6 (full 0):
 garbage-first heap   total 61440K, used 39185K [0x0000000704e00000, 0x0000000800000000)
  region size 2048K, 12 young (24576K), 1 survivors (2048K)
 Metaspace       used 29920K, committed 30272K, reserved 1114112K
  class space    used 3906K, committed 4096K, reserved 1048576K
}
Event: 7.340 GC heap after
{Heap after GC invocations=7 (full 0):
 garbage-first heap   total 61440K, used 18550K [0x0000000704e00000, 0x0000000800000000)
  region size 2048K, 2 young (4096K), 2 survivors (4096K)
 Metaspace       used 29920K, committed 30272K, reserved 1114112K
  class space    used 3906K, committed 4096K, reserved 1048576K
}
Event: 8.324 GC heap before
{Heap before GC invocations=7 (full 0):
 garbage-first heap   total 61440K, used 41078K [0x0000000704e00000, 0x0000000800000000)
  region size 2048K, 13 young (26624K), 2 survivors (4096K)
 Metaspace       used 33930K, committed 34304K, reserved 1114112K
  class space    used 4444K, committed 4608K, reserved 1048576K
}
Event: 8.331 GC heap after
{Heap after GC invocations=8 (full 0):
 garbage-first heap   total 61440K, used 19843K [0x0000000704e00000, 0x0000000800000000)
  region size 2048K, 1 young (2048K), 1 survivors (2048K)
 Metaspace       used 33930K, committed 34304K, reserved 1114112K
  class space    used 4444K, committed 4608K, reserved 1048576K
}
Event: 8.656 GC heap before
{Heap before GC invocations=8 (full 0):
 garbage-first heap   total 61440K, used 25987K [0x0000000704e00000, 0x0000000800000000)
  region size 2048K, 5 young (10240K), 1 survivors (2048K)
 Metaspace       used 35669K, committed 36096K, reserved 1114112K
  class space    used 4714K, committed 4928K, reserved 1048576K
}
Event: 8.660 GC heap after
{Heap after GC invocations=9 (full 0):
 garbage-first heap   total 61440K, used 20016K [0x0000000704e00000, 0x0000000800000000)
  region size 2048K, 1 young (2048K), 1 survivors (2048K)
 Metaspace       used 35669K, committed 36096K, reserved 1114112K
  class space    used 4714K, committed 4928K, reserved 1048576K
}
Event: 10.267 GC heap before
{Heap before GC invocations=10 (full 0):
 garbage-first heap   total 61440K, used 46640K [0x0000000704e00000, 0x0000000800000000)
  region size 2048K, 14 young (28672K), 1 survivors (2048K)
 Metaspace       used 42564K, committed 43008K, reserved 1114112K
  class space    used 5700K, committed 5888K, reserved 1048576K
}
Event: 10.272 GC heap after
{Heap after GC invocations=11 (full 0):
 garbage-first heap   total 61440K, used 21979K [0x0000000704e00000, 0x0000000800000000)
  region size 2048K, 2 young (4096K), 2 survivors (4096K)
 Metaspace       used 42564K, committed 43008K, reserved 1114112K
  class space    used 5700K, committed 5888K, reserved 1048576K
}
Event: 11.811 GC heap before
{Heap before GC invocations=11 (full 0):
 garbage-first heap   total 61440K, used 44507K [0x0000000704e00000, 0x0000000800000000)
  region size 2048K, 14 young (28672K), 2 survivors (4096K)
 Metaspace       used 49211K, committed 49664K, reserved 1114112K
  class space    used 6627K, committed 6848K, reserved 1048576K
}
Event: 11.819 GC heap after
{Heap after GC invocations=12 (full 0):
 garbage-first heap   total 61440K, used 23107K [0x0000000704e00000, 0x0000000800000000)
  region size 2048K, 2 young (4096K), 2 survivors (4096K)
 Metaspace       used 49211K, committed 49664K, reserved 1114112K
  class space    used 6627K, committed 6848K, reserved 1048576K
}
Event: 13.765 GC heap before
{Heap before GC invocations=12 (full 0):
 garbage-first heap   total 61440K, used 45635K [0x0000000704e00000, 0x0000000800000000)
  region size 2048K, 13 young (26624K), 2 survivors (4096K)
 Metaspace       used 54370K, committed 54912K, reserved 1114112K
  class space    used 7506K, committed 7744K, reserved 1048576K
}
Event: 13.772 GC heap after
{Heap after GC invocations=13 (full 0):
 garbage-first heap   total 61440K, used 24179K [0x0000000704e00000, 0x0000000800000000)
  region size 2048K, 2 young (4096K), 2 survivors (4096K)
 Metaspace       used 54370K, committed 54912K, reserved 1114112K
  class space    used 7506K, committed 7744K, reserved 1048576K
}
Event: 14.931 GC heap before
{Heap before GC invocations=13 (full 0):
 garbage-first heap   total 61440K, used 46707K [0x0000000704e00000, 0x0000000800000000)
  region size 2048K, 13 young (26624K), 2 survivors (4096K)
 Metaspace       used 58758K, committed 59264K, reserved 1114112K
  class space    used 8093K, committed 8320K, reserved 1048576K
}
Event: 14.940 GC heap after
{Heap after GC invocations=14 (full 0):
 garbage-first heap   total 61440K, used 26388K [0x0000000704e00000, 0x0000000800000000)
  region size 2048K, 2 young (4096K), 2 survivors (4096K)
 Metaspace       used 58758K, committed 59264K, reserved 1114112K
  class space    used 8093K, committed 8320K, reserved 1048576K
}
Event: 15.324 GC heap before
{Heap before GC invocations=14 (full 0):
 garbage-first heap   total 61440K, used 32532K [0x0000000704e00000, 0x0000000800000000)
  region size 2048K, 6 young (12288K), 2 survivors (4096K)
 Metaspace       used 59873K, committed 60416K, reserved 1114112K
  class space    used 8260K, committed 8512K, reserved 1048576K
}
Event: 15.334 GC heap after
{Heap after GC invocations=15 (full 0):
 garbage-first heap   total 61440K, used 27069K [0x0000000704e00000, 0x0000000800000000)
  region size 2048K, 1 young (2048K), 1 survivors (2048K)
 Metaspace       used 59873K, committed 60416K, reserved 1114112K
  class space    used 8260K, committed 8512K, reserved 1048576K
}

